# JRE version: Java(TM) SE Runtime Environment (8.0_131-b11) (build 1.8.0_131-b11)
# Java VM: Java HotSpot(TM) 64-Bit Server VM (25.131-b11 mixed mode bsd-amd64 compressed oops)
Heap:
 PSYoungGen      total 190976K, used 67399K [0x00000007b0000000, 0x00000007c0000000, 0x00000007c0000000)
  eden space 124928K, 15% used [0x00000007b0000000,0x00000007b1298268,0x00000007b7a00000)
  from space 66048K, 73% used [0x00000007bbf80000,0x00000007beeb9bf0,0x00000007c0000000)
  to   space 68608K, 0% used [0x00000007b7a00000,0x00000007b7a00000,0x00000007bbd00000)
 ParOldGen       total 524288K, used 83871K [0x0000000790000000, 0x00000007b0000000, 0x00000007b0000000)
  object space 524288K, 15% used [0x0000000790000000,0x00000007951e7e88,0x00000007b0000000)
 Metaspace       used 73065K, capacity 77546K, committed 77736K, reserved 1116160K
  class space    used 9777K, capacity 11132K, committed 11176K, reserved 1048576K
GC Heap History (10 events):
Event: 176.826 GC heap before
{Heap before GC invocations=33 (full 3):
 PSYoungGen      total 203264K, used 203170K [0x00000007b0000000, 0x00000007c0000000, 0x00000007c0000000)
  eden space 167936K, 100% used [0x00000007b0000000,0x00000007ba400000,0x00000007ba400000)
  from space 35328K, 99% used [0x00000007ba400000,0x00000007bc668aa8,0x00000007bc680000)
  to   space 49152K, 0% used [0x00000007bd000000,0x00000007bd000000,0x00000007c0000000)
 ParOldGen       total 524288K, used 83831K [0x0000000790000000, 0x00000007b0000000, 0x00000007b0000000)
  object space 524288K, 15% used [0x0000000790000000,0x00000007951dde88,0x00000007b0000000)
 Metaspace       used 70504K, capacity 74066K, committed 74280K, reserved 1114112K
  class space    used 9388K, capacity 10527K, committed 10536K, reserved 1048576K
Event: 176.855 GC heap after
Heap after GC invocations=33 (full 3):
 PSYoungGen      total 206848K, used 38156K [0x00000007b0000000, 0x00000007c0000000, 0x00000007c0000000)
  eden space 157696K, 0% used [0x00000007b0000000,0x00000007b0000000,0x00000007b9a00000)
  from space 49152K, 77% used [0x00000007bd000000,0x00000007bf543260,0x00000007c0000000)
  to   space 52224K, 0% used [0x00000007b9a00000,0x00000007b9a00000,0x00000007bcd00000)
 ParOldGen       total 524288K, used 83839K [0x0000000790000000, 0x00000007b0000000, 0x00000007b0000000)
  object space 524288K, 15% used [0x0000000790000000,0x00000007951dfe88,0x00000007b0000000)
 Metaspace       used 70504K, capacity 74066K, committed 74280K, reserved 1114112K
  class space    used 9388K, capacity 10527K, committed 10536K, reserved 1048576K
}
Event: 227.688 GC heap before
{Heap before GC invocations=34 (full 3):
 PSYoungGen      total 206848K, used 195852K [0x00000007b0000000, 0x00000007c0000000, 0x00000007c0000000)
  eden space 157696K, 100% used [0x00000007b0000000,0x00000007b9a00000,0x00000007b9a00000)
  from space 49152K, 77% used [0x00000007bd000000,0x00000007bf543260,0x00000007c0000000)
  to   space 52224K, 0% used [0x00000007b9a00000,0x00000007b9a00000,0x00000007bcd00000)
 ParOldGen       total 524288K, used 83839K [0x0000000790000000, 0x00000007b0000000, 0x00000007b0000000)
  object space 524288K, 15% used [0x0000000790000000,0x00000007951dfe88,0x00000007b0000000)
 Metaspace       used 70902K, capacity 74576K, committed 74664K, reserved 1114112K
  class space    used 9472K, capacity 10635K, committed 10664K, reserved 1048576K
Event: 227.724 GC heap after
Heap after GC invocations=34 (full 3):
 PSYoungGen      total 197632K, used 39874K [0x00000007b0000000, 0x00000007c0000000, 0x00000007c0000000)
  eden space 157696K, 0% used [0x00000007b0000000,0x00000007b0000000,0x00000007b9a00000)
  from space 39936K, 99% used [0x00000007b9a00000,0x00000007bc0f0ac8,0x00000007bc100000)
  to   space 54784K, 0% used [0x00000007bca80000,0x00000007bca80000,0x00000007c0000000)
 ParOldGen       total 524288K, used 83847K [0x0000000790000000, 0x00000007b0000000, 0x00000007b0000000)
  object space 524288K, 15% used [0x0000000790000000,0x00000007951e1e88,0x00000007b0000000)
 Metaspace       used 70902K, capacity 74576K, committed 74664K, reserved 1114112K
  class space    used 9472K, capacity 10635K, committed 10664K, reserved 1048576K
}
Event: 636.688 GC heap before
{Heap before GC invocations=35 (full 3):
 PSYoungGen      total 197632K, used 197570K [0x00000007b0000000, 0x00000007c0000000, 0x00000007c0000000)
  eden space 157696K, 100% used [0x00000007b0000000,0x00000007b9a00000,0x00000007b9a00000)
  from space 39936K, 99% used [0x00000007b9a00000,0x00000007bc0f0ac8,0x00000007bc100000)
  to   space 54784K, 0% used [0x00000007bca80000,0x00000007bca80000,0x00000007c0000000)
 ParOldGen       total 524288K, used 83847K [0x0000000790000000, 0x00000007b0000000, 0x00000007b0000000)
  object space 524288K, 15% used [0x0000000790000000,0x00000007951e1e88,0x00000007b0000000)
 Metaspace       used 72136K, capacity 75932K, committed 76200K, reserved 1114112K
  class space    used 9625K, capacity 10837K, committed 10920K, reserved 1048576K
Event: 636.812 GC heap after
Heap after GC invocations=35 (full 3):
 PSYoungGen      total 195072K, used 50827K [0x00000007b0000000, 0x00000007c0000000, 0x00000007c0000000)
  eden space 140288K, 0% used [0x00000007b0000000,0x00000007b0000000,0x00000007b8900000)
  from space 54784K, 92% used [0x00000007bca80000,0x00000007bfc22eb8,0x00000007c0000000)
  to   space 60928K, 0% used [0x00000007b8900000,0x00000007b8900000,0x00000007bc480000)
 ParOldGen       total 524288K, used 83855K [0x0000000790000000, 0x00000007b0000000, 0x00000007b0000000)
  object space 524288K, 15% used [0x0000000790000000,0x00000007951e3e88,0x00000007b0000000)
 Metaspace       used 72136K, capacity 75932K, committed 76200K, reserved 1114112K
  class space    used 9625K, capacity 10837K, committed 10920K, reserved 1048576K
}
Event: 781.882 GC heap before
{Heap before GC invocations=36 (full 3):
 PSYoungGen      total 195072K, used 191115K [0x00000007b0000000, 0x00000007c0000000, 0x00000007c0000000)
  eden space 140288K, 100% used [0x00000007b0000000,0x00000007b8900000,0x00000007b8900000)
  from space 54784K, 92% used [0x00000007bca80000,0x00000007bfc22eb8,0x00000007c0000000)
  to   space 60928K, 0% used [0x00000007b8900000,0x00000007b8900000,0x00000007bc480000)
 ParOldGen       total 524288K, used 83855K [0x0000000790000000, 0x00000007b0000000, 0x00000007b0000000)
  object space 524288K, 15% used [0x0000000790000000,0x00000007951e3e88,0x00000007b0000000)
 Metaspace       used 72571K, capacity 76820K, committed 77096K, reserved 1116160K
  class space    used 9687K, capacity 10987K, committed 11048K, reserved 1048576K
Event: 781.934 GC heap after
Heap after GC invocations=36 (full 3):
 PSYoungGen      total 189952K, used 50749K [0x00000007b0000000, 0x00000007c0000000, 0x00000007c0000000)
  eden space 138752K, 0% used [0x00000007b0000000,0x00000007b0000000,0x00000007b8780000)
  from space 51200K, 99% used [0x00000007b8900000,0x00000007bba8f7d8,0x00000007bbb00000)
  to   space 66048K, 0% used [0x00000007bbf80000,0x00000007bbf80000,0x00000007c0000000)
 ParOldGen       total 524288K, used 83863K [0x0000000790000000, 0x00000007b0000000, 0x00000007b0000000)
  object space 524288K, 15% used [0x0000000790000000,0x00000007951e5e88,0x00000007b0000000)
 Metaspace       used 72571K, capacity 76820K, committed 77096K, reserved 1116160K
  class space    used 9687K, capacity 10987K, committed 11048K, reserved 1048576K
}
Event: 809.270 GC heap before
{Heap before GC invocations=37 (full 3):
 PSYoungGen      total 189952K, used 189441K [0x00000007b0000000, 0x00000007c0000000, 0x00000007c0000000)
  eden space 138752K, 99% used [0x00000007b0000000,0x00000007b8770cf0,0x00000007b8780000)
  from space 51200K, 99% used [0x00000007b8900000,0x00000007bba8f7d8,0x00000007bbb00000)
  to   space 66048K, 0% used [0x00000007bbf80000,0x00000007bbf80000,0x00000007c0000000)
 ParOldGen       total 524288K, used 83863K [0x0000000790000000, 0x00000007b0000000, 0x00000007b0000000)
  object space 524288K, 15% used [0x0000000790000000,0x00000007951e5e88,0x00000007b0000000)
 Metaspace       used 73057K, capacity 77534K, committed 77736K, reserved 1116160K
  class space    used 9776K, capacity 11130K, committed 11176K, reserved 1048576K
Event: 809.340 GC heap after
Heap after GC invocations=37 (full 3):
 PSYoungGen      total 190976K, used 48358K [0x00000007b0000000, 0x00000007c0000000, 0x00000007c0000000)
  eden space 124928K, 0% used [0x00000007b0000000,0x00000007b0000000,0x00000007b7a00000)
  from space 66048K, 73% used [0x00000007bbf80000,0x00000007beeb9bf0,0x00000007c0000000)
  to   space 68608K, 0% used [0x00000007b7a00000,0x00000007b7a00000,0x00000007bbd00000)
 ParOldGen       total 524288K, used 83871K [0x0000000790000000, 0x00000007b0000000, 0x00000007b0000000)
  object space 524288K, 15% used [0x0000000790000000,0x00000007951e7e88,0x00000007b0000000)
 Metaspace       used 73057K, capacity 77534K, committed 77736K, reserved 1116160K
  class space    used 9776K, capacity 11130K, committed 11176K, reserved 1048576K
}

