# JRE version: Java(TM) SE Runtime Environment (8.0_131-b11) (build 1.8.0_131-b11)
# Java VM: Java HotSpot(TM) 64-Bit Server VM (25.131-b11 mixed mode bsd-amd64 compressed oops)
Heap:
 PSYoungGen      total 208384K, used 54681K [0x00000007b0000000, 0x00000007c0000000, 0x00000007c0000000)
  eden space 160768K, 4% used [0x00000007b0000000,0x00000007b0739bc8,0x00000007b9d00000)
  from space 47616K, 99% used [0x00000007b9d00000,0x00000007bcb2cbd8,0x00000007bcb80000)
  to   space 53760K, 0% used [0x00000007bcb80000,0x00000007bcb80000,0x00000007c0000000)
 ParOldGen       total 524288K, used 84494K [0x0000000790000000, 0x00000007b0000000, 0x00000007b0000000)
  object space 524288K, 16% used [0x0000000790000000,0x0000000795283b88,0x00000007b0000000)
 Metaspace       used 71908K, capacity 75718K, committed 75800K, reserved 1114112K
  class space    used 9567K, capacity 10767K, committed 10800K, reserved 1048576K
GC Heap History (10 events):
Event: 30.167 GC heap before
{Heap before GC invocations=30 (full 3):
 PSYoungGen      total 217088K, used 194766K [0x00000007b0000000, 0x00000007c0000000, 0x00000007c0000000)
  eden space 171008K, 100% used [0x00000007b0000000,0x00000007ba700000,0x00000007ba700000)
  from space 46080K, 51% used [0x00000007bd300000,0x00000007bea33808,0x00000007c0000000)
  to   space 45056K, 0% used [0x00000007ba700000,0x00000007ba700000,0x00000007bd300000)
 ParOldGen       total 524288K, used 84454K [0x0000000790000000, 0x00000007b0000000, 0x00000007b0000000)
  object space 524288K, 16% used [0x0000000790000000,0x0000000795279b88,0x00000007b0000000)
 Metaspace       used 67809K, capacity 70310K, committed 70424K, reserved 1110016K
  class space    used 8870K, capacity 9713K, committed 9776K, reserved 1048576K
Event: 30.194 GC heap after
Heap after GC invocations=30 (full 3):
 PSYoungGen      total 216064K, used 27449K [0x00000007b0000000, 0x00000007c0000000, 0x00000007c0000000)
  eden space 171008K, 0% used [0x00000007b0000000,0x00000007b0000000,0x00000007ba700000)
  from space 45056K, 60% used [0x00000007ba700000,0x00000007bc1ce428,0x00000007bd300000)
  to   space 45056K, 0% used [0x00000007bd400000,0x00000007bd400000,0x00000007c0000000)
 ParOldGen       total 524288K, used 84462K [0x0000000790000000, 0x00000007b0000000, 0x00000007b0000000)
  object space 524288K, 16% used [0x0000000790000000,0x000000079527bb88,0x00000007b0000000)
 Metaspace       used 67809K, capacity 70310K, committed 70424K, reserved 1110016K
  class space    used 8870K, capacity 9713K, committed 9776K, reserved 1048576K
}
Event: 496.924 GC heap before
{Heap before GC invocations=31 (full 3):
 PSYoungGen      total 216064K, used 198457K [0x00000007b0000000, 0x00000007c0000000, 0x00000007c0000000)
  eden space 171008K, 100% used [0x00000007b0000000,0x00000007ba700000,0x00000007ba700000)
  from space 45056K, 60% used [0x00000007ba700000,0x00000007bc1ce428,0x00000007bd300000)
  to   space 45056K, 0% used [0x00000007bd400000,0x00000007bd400000,0x00000007c0000000)
 ParOldGen       total 524288K, used 84462K [0x0000000790000000, 0x00000007b0000000, 0x00000007b0000000)
  object space 524288K, 16% used [0x0000000790000000,0x000000079527bb88,0x00000007b0000000)
 Metaspace       used 68611K, capacity 71480K, committed 71704K, reserved 1112064K
  class space    used 9055K, capacity 9977K, committed 10032K, reserved 1048576K
Event: 496.955 GC heap after
Heap after GC invocations=31 (full 3):
 PSYoungGen      total 215040K, used 30495K [0x00000007b0000000, 0x00000007c0000000, 0x00000007c0000000)
  eden space 169984K, 0% used [0x00000007b0000000,0x00000007b0000000,0x00000007ba600000)
  from space 45056K, 67% used [0x00000007bd400000,0x00000007bf1c7c98,0x00000007c0000000)
  to   space 46080K, 0% used [0x00000007ba600000,0x00000007ba600000,0x00000007bd300000)
 ParOldGen       total 524288K, used 84470K [0x0000000790000000, 0x00000007b0000000, 0x00000007b0000000)
  object space 524288K, 16% used [0x0000000790000000,0x000000079527db88,0x00000007b0000000)
 Metaspace       used 68611K, capacity 71480K, committed 71704K, reserved 1112064K
  class space    used 9055K, capacity 9977K, committed 10032K, reserved 1048576K
}
Event: 512.605 GC heap before
{Heap before GC invocations=32 (full 3):
 PSYoungGen      total 215040K, used 200479K [0x00000007b0000000, 0x00000007c0000000, 0x00000007c0000000)
  eden space 169984K, 100% used [0x00000007b0000000,0x00000007ba600000,0x00000007ba600000)
  from space 45056K, 67% used [0x00000007bd400000,0x00000007bf1c7c98,0x00000007c0000000)
  to   space 46080K, 0% used [0x00000007ba600000,0x00000007ba600000,0x00000007bd300000)
 ParOldGen       total 524288K, used 84470K [0x0000000790000000, 0x00000007b0000000, 0x00000007b0000000)
  object space 524288K, 16% used [0x0000000790000000,0x000000079527db88,0x00000007b0000000)
 Metaspace       used 69428K, capacity 72656K, committed 72984K, reserved 1112064K
  class space    used 9216K, capacity 10212K, committed 10288K, reserved 1048576K
Event: 512.635 GC heap after
Heap after GC invocations=32 (full 3):
 PSYoungGen      total 203776K, used 33301K [0x00000007b0000000, 0x00000007c0000000, 0x00000007c0000000)
  eden space 169984K, 0% used [0x00000007b0000000,0x00000007b0000000,0x00000007ba600000)
  from space 33792K, 98% used [0x00000007ba600000,0x00000007bc6854c0,0x00000007bc700000)
  to   space 48128K, 0% used [0x00000007bd100000,0x00000007bd100000,0x00000007c0000000)
 ParOldGen       total 524288K, used 84478K [0x0000000790000000, 0x00000007b0000000, 0x00000007b0000000)
  object space 524288K, 16% used [0x0000000790000000,0x000000079527fb88,0x00000007b0000000)
 Metaspace       used 69428K, capacity 72656K, committed 72984K, reserved 1112064K
  class space    used 9216K, capacity 10212K, committed 10288K, reserved 1048576K
}
Event: 597.303 GC heap before
{Heap before GC invocations=33 (full 3):
 PSYoungGen      total 203776K, used 203285K [0x00000007b0000000, 0x00000007c0000000, 0x00000007c0000000)
  eden space 169984K, 100% used [0x00000007b0000000,0x00000007ba600000,0x00000007ba600000)
  from space 33792K, 98% used [0x00000007ba600000,0x00000007bc6854c0,0x00000007bc700000)
  to   space 48128K, 0% used [0x00000007bd100000,0x00000007bd100000,0x00000007c0000000)
 ParOldGen       total 524288K, used 84478K [0x0000000790000000, 0x00000007b0000000, 0x00000007b0000000)
  object space 524288K, 16% used [0x0000000790000000,0x000000079527fb88,0x00000007b0000000)
 Metaspace       used 70334K, capacity 73956K, committed 74008K, reserved 1112064K
  class space    used 9389K, capacity 10527K, committed 10544K, reserved 1048576K
Event: 597.344 GC heap after
Heap after GC invocations=33 (full 3):
 PSYoungGen      total 208896K, used 36361K [0x00000007b0000000, 0x00000007c0000000, 0x00000007c0000000)
  eden space 160768K, 0% used [0x00000007b0000000,0x00000007b0000000,0x00000007b9d00000)
  from space 48128K, 75% used [0x00000007bd100000,0x00000007bf4827b0,0x00000007c0000000)
  to   space 50688K, 0% used [0x00000007b9d00000,0x00000007b9d00000,0x00000007bce80000)
 ParOldGen       total 524288K, used 84486K [0x0000000790000000, 0x00000007b0000000, 0x00000007b0000000)
  object space 524288K, 16% used [0x0000000790000000,0x0000000795281b88,0x00000007b0000000)
 Metaspace       used 70334K, capacity 73956K, committed 74008K, reserved 1112064K
  class space    used 9389K, capacity 10527K, committed 10544K, reserved 1048576K
}
Event: 603.555 GC heap before
{Heap before GC invocations=34 (full 3):
 PSYoungGen      total 208896K, used 197129K [0x00000007b0000000, 0x00000007c0000000, 0x00000007c0000000)
  eden space 160768K, 100% used [0x00000007b0000000,0x00000007b9d00000,0x00000007b9d00000)
  from space 48128K, 75% used [0x00000007bd100000,0x00000007bf4827b0,0x00000007c0000000)
  to   space 50688K, 0% used [0x00000007b9d00000,0x00000007b9d00000,0x00000007bce80000)
 ParOldGen       total 524288K, used 84486K [0x0000000790000000, 0x00000007b0000000, 0x00000007b0000000)
  object space 524288K, 16% used [0x0000000790000000,0x0000000795281b88,0x00000007b0000000)
 Metaspace       used 71887K, capacity 75718K, committed 75800K, reserved 1114112K
  class space    used 9567K, capacity 10767K, committed 10800K, reserved 1048576K
Event: 603.598 GC heap after
Heap after GC invocations=34 (full 3):
 PSYoungGen      total 208384K, used 47282K [0x00000007b0000000, 0x00000007c0000000, 0x00000007c0000000)
  eden space 160768K, 0% used [0x00000007b0000000,0x00000007b0000000,0x00000007b9d00000)
  from space 47616K, 99% used [0x00000007b9d00000,0x00000007bcb2cbd8,0x00000007bcb80000)
  to   space 53760K, 0% used [0x00000007bcb80000,0x00000007bcb80000,0x00000007c0000000)
 ParOldGen       total 524288K, used 84494K [0x0000000790000000, 0x00000007b0000000, 0x00000007b0000000)
  object space 524288K, 16% used [0x0000000790000000,0x0000000795283b88,0x00000007b0000000)
 Metaspace       used 71887K, capacity 75718K, committed 75800K, reserved 1114112K
  class space    used 9567K, capacity 10767K, committed 10800K, reserved 1048576K
}

